Performing C SOURCE FILE Test CMAKE_HAVE_LIBC_PTHREAD failed with the following output:
Change Dir: /home/kali/CLionProjects/SOProject/cmake-build-debug/CMakeFiles/CMakeTmp

Run Build Command(s):/usr/bin/gmake cmTC_17dfd/fast && gmake[1]: Entering directory '/home/kali/CLionProjects/SOProject/cmake-build-debug/CMakeFiles/CMakeTmp'
/usr/bin/gmake  -f CMakeFiles/cmTC_17dfd.dir/build.make CMakeFiles/cmTC_17dfd.dir/build
gmake[2]: Entering directory '/home/kali/CLionProjects/SOProject/cmake-build-debug/CMakeFiles/CMakeTmp'
Building C object CMakeFiles/cmTC_17dfd.dir/src.c.o
/usr/bin/cc -DCMAKE_HAVE_LIBC_PTHREAD  -std=gnu99 -o CMakeFiles/cmTC_17dfd.dir/src.c.o -c /home/kali/CLionProjects/SOProject/cmake-build-debug/CMakeFiles/CMakeTmp/src.c
Linking C executable cmTC_17dfd
/home/kali/Desktop/clion-2021.1.1/bin/cmake/linux/bin/cmake -E cmake_link_script CMakeFiles/cmTC_17dfd.dir/link.txt --verbose=1
/usr/bin/cc CMakeFiles/cmTC_17dfd.dir/src.c.o -o cmTC_17dfd 
/usr/bin/ld: CMakeFiles/cmTC_17dfd.dir/src.c.o: in function `main':
src.c:(.text+0x2f): undefined reference to `pthread_create'
/usr/bin/ld: src.c:(.text+0x3b): undefined reference to `pthread_detach'
/usr/bin/ld: src.c:(.text+0x47): undefined reference to `pthread_cancel'
/usr/bin/ld: src.c:(.text+0x58): undefined reference to `pthread_join'
collect2: error: ld returned 1 exit status
gmake[2]: *** [CMakeFiles/cmTC_17dfd.dir/build.make:106: cmTC_17dfd] Error 1
gmake[2]: Leaving directory '/home/kali/CLionProjects/SOProject/cmake-build-debug/CMakeFiles/CMakeTmp'
gmake[1]: *** [Makefile:140: cmTC_17dfd/fast] Error 2
gmake[1]: Leaving directory '/home/kali/CLionProjects/SOProject/cmake-build-debug/CMakeFiles/CMakeTmp'


Source file was:
#include <pthread.h>

static void* test_func(void* data)
{
  return data;
}

int main(void)
{
  pthread_t thread;
  pthread_create(&thread, NULL, test_func, NULL);
  pthread_detach(thread);
  pthread_cancel(thread);
  pthread_join(thread, NULL);
  pthread_atfork(NULL, NULL, NULL);
  pthread_exit(NULL);

  return 0;
}

